[debug] [2019-05-05T12:58:21.634Z] ----------------------------------------------------------------------
[debug] [2019-05-05T12:58:21.637Z] Command:       /usr/local/bin/node /usr/local/bin/firebase deploy
[debug] [2019-05-05T12:58:21.637Z] CLI Version:   6.8.0
[debug] [2019-05-05T12:58:21.637Z] Platform:      darwin
[debug] [2019-05-05T12:58:21.637Z] Node Version:  v10.15.3
[debug] [2019-05-05T12:58:21.638Z] Time:          Sun May 05 2019 14:58:21 GMT+0200 (South Africa Standard Time)
[debug] [2019-05-05T12:58:21.639Z] ----------------------------------------------------------------------
[debug] 
[debug] [2019-05-05T12:58:21.653Z] > command requires scopes: ["email","openid","https://www.googleapis.com/auth/cloudplatformprojects.readonly","https://www.googleapis.com/auth/firebase","https://www.googleapis.com/auth/cloud-platform"]
[debug] [2019-05-05T12:58:21.654Z] > authorizing via signed-in user
[debug] [2019-05-05T12:58:21.654Z] [iam] checking project intently-9f8b1 for permissions ["cloudfunctions.functions.create","cloudfunctions.functions.delete","cloudfunctions.functions.get","cloudfunctions.functions.list","cloudfunctions.functions.update","cloudfunctions.operations.get","firebase.projects.get"]
[debug] [2019-05-05T12:58:21.657Z] >>> HTTP REQUEST POST https://cloudresourcemanager.googleapis.com/v1/projects/intently-9f8b1:testIamPermissions  

[debug] [2019-05-05T12:58:23.826Z] <<< HTTP RESPONSE 200
[debug] [2019-05-05T12:59:13.493Z] ----------------------------------------------------------------------
[debug] [2019-05-05T12:59:13.497Z] Command:       /usr/local/bin/node /usr/local/bin/firebase deploy
[debug] [2019-05-05T12:59:13.497Z] CLI Version:   6.8.0
[debug] [2019-05-05T12:59:13.497Z] Platform:      darwin
[debug] [2019-05-05T12:59:13.497Z] Node Version:  v10.15.3
[debug] [2019-05-05T12:59:13.498Z] Time:          Sun May 05 2019 14:59:13 GMT+0200 (South Africa Standard Time)
[debug] [2019-05-05T12:59:13.498Z] ----------------------------------------------------------------------
[debug] 
[debug] [2019-05-05T12:59:13.515Z] > command requires scopes: ["email","openid","https://www.googleapis.com/auth/cloudplatformprojects.readonly","https://www.googleapis.com/auth/firebase","https://www.googleapis.com/auth/cloud-platform"]
[debug] [2019-05-05T12:59:13.515Z] > authorizing via signed-in user
[debug] [2019-05-05T12:59:13.515Z] [iam] checking project intently-9f8b1 for permissions ["cloudfunctions.functions.create","cloudfunctions.functions.delete","cloudfunctions.functions.get","cloudfunctions.functions.list","cloudfunctions.functions.update","cloudfunctions.operations.get","firebase.projects.get"]
[debug] [2019-05-05T12:59:13.518Z] >>> HTTP REQUEST POST https://cloudresourcemanager.googleapis.com/v1/projects/intently-9f8b1:testIamPermissions  

[debug] [2019-05-05T12:59:15.800Z] <<< HTTP RESPONSE 200
[debug] [2019-05-05T12:59:27.068Z] ----------------------------------------------------------------------
[debug] [2019-05-05T12:59:27.070Z] Command:       /usr/local/bin/node /usr/local/bin/firebase serve
[debug] [2019-05-05T12:59:27.071Z] CLI Version:   6.8.0
[debug] [2019-05-05T12:59:27.071Z] Platform:      darwin
[debug] [2019-05-05T12:59:27.071Z] Node Version:  v10.15.3
[debug] [2019-05-05T12:59:27.072Z] Time:          Sun May 05 2019 14:59:27 GMT+0200 (South Africa Standard Time)
[debug] [2019-05-05T12:59:27.072Z] ----------------------------------------------------------------------
[debug] 
[debug] [2019-05-05T12:59:27.083Z] > command requires scopes: ["email","openid","https://www.googleapis.com/auth/cloudplatformprojects.readonly","https://www.googleapis.com/auth/firebase","https://www.googleapis.com/auth/cloud-platform"]
[debug] [2019-05-05T12:59:27.084Z] > authorizing via signed-in user
[debug] [2019-05-05T12:59:27.084Z] [iam] checking project intently-9f8b1 for permissions ["firebase.projects.get"]
[debug] [2019-05-05T12:59:27.086Z] >>> HTTP REQUEST POST https://cloudresourcemanager.googleapis.com/v1/projects/intently-9f8b1:testIamPermissions  

[debug] [2019-05-05T12:59:29.622Z] <<< HTTP RESPONSE 200
[debug] [2019-05-05T12:59:29.625Z] >>> HTTP REQUEST GET https://cloudresourcemanager.googleapis.com/v1/projects/intently-9f8b1  
 
